Using pre-set license
Built from '2023.1/staging' branch; Version is '2023.1.0b20 (e52d526c8914) revision 15019346'; Using compiler version '192829333'; Build Type 'Release'
OS: 'Windows 11  (10.0.22621) 64bit Core' Language: 'en' Physical Memory: 16219 MB
BatchMode: 1, IsHumanControllingUs: 0, StartBugReporterOnCrash: 0, Is64bit: 1, IsPro: 1

COMMAND LINE ARGUMENTS:
C:\Program Files\Unity 2023.1.0b20\Editor\Unity.exe
-adb2
-batchMode
-noUpm
-name
AssetImportWorker0
-projectPath
C:/Code/CS50g/project9/dreadhalls
-logFile
Logs/AssetImportWorker0.log
-srvPort
54627
Successfully changed project path to: C:/Code/CS50g/project9/dreadhalls
C:/Code/CS50g/project9/dreadhalls
[UnityMemory] Configuration Parameters - Can be set up in boot.config
    "memorysetup-bucket-allocator-granularity=16"
    "memorysetup-bucket-allocator-bucket-count=8"
    "memorysetup-bucket-allocator-block-size=33554432"
    "memorysetup-bucket-allocator-block-count=8"
    "memorysetup-main-allocator-block-size=16777216"
    "memorysetup-thread-allocator-block-size=16777216"
    "memorysetup-gfx-main-allocator-block-size=16777216"
    "memorysetup-gfx-thread-allocator-block-size=16777216"
    "memorysetup-cache-allocator-block-size=4194304"
    "memorysetup-typetree-allocator-block-size=2097152"
    "memorysetup-profiler-bucket-allocator-granularity=16"
    "memorysetup-profiler-bucket-allocator-bucket-count=8"
    "memorysetup-profiler-bucket-allocator-block-size=33554432"
    "memorysetup-profiler-bucket-allocator-block-count=8"
    "memorysetup-profiler-allocator-block-size=16777216"
    "memorysetup-profiler-editor-allocator-block-size=1048576"
    "memorysetup-temp-allocator-size-main=16777216"
    "memorysetup-job-temp-allocator-block-size=2097152"
    "memorysetup-job-temp-allocator-block-size-background=1048576"
    "memorysetup-job-temp-allocator-reduction-small-platforms=262144"
    "memorysetup-allocator-temp-initial-block-size-main=262144"
    "memorysetup-allocator-temp-initial-block-size-worker=262144"
    "memorysetup-temp-allocator-size-background-worker=32768"
    "memorysetup-temp-allocator-size-job-worker=262144"
    "memorysetup-temp-allocator-size-preload-manager=33554432"
    "memorysetup-temp-allocator-size-nav-mesh-worker=65536"
    "memorysetup-temp-allocator-size-audio-worker=65536"
    "memorysetup-temp-allocator-size-cloud-worker=32768"
    "memorysetup-temp-allocator-size-gi-baking-worker=262144"
    "memorysetup-temp-allocator-size-gfx=262144"
Player connection [540] Host "[IP] 192.168.192.1 [Port] 0 [Flags] 2 [Guid] 252816789 [EditorId] 252816789 [Version] 1048832 [Id] WindowsEditor(7,LAPTOP-M8NBQP9F) [Debug] 1 [PackageName] WindowsEditor [ProjectName] Editor" joined multi-casting on [225.0.0.222:54997]...

Player connection [540] Host "[IP] 192.168.192.1 [Port] 0 [Flags] 2 [Guid] 252816789 [EditorId] 252816789 [Version] 1048832 [Id] WindowsEditor(7,LAPTOP-M8NBQP9F) [Debug] 1 [PackageName] WindowsEditor [ProjectName] Editor" joined alternative multi-casting on [225.0.0.222:34997]...

Library Redirect Path: Library/Refreshing native plugins compatible for Editor in 9.14 ms, found 2 plugins.
Preloading 0 native plugins for Editor in 0.00 ms.
Initialize engine version: 2023.1.0b20 (e52d526c8914)
[Subsystems] Discovering subsystems at path C:/Program Files/Unity 2023.1.0b20/Editor/Data/Resources/UnitySubsystems
[Subsystems] Discovering subsystems at path C:/Code/CS50g/project9/dreadhalls/Assets
GfxDevice: creating device client; threaded=0; jobified=0
Direct3D:
    Version:  Direct3D 11.0 [level 11.1]
    Renderer: NVIDIA GeForce RTX 3060 Laptop GPU (ID=0x2560)
    Vendor:   NVIDIA
    VRAM:     6009 MB
    Driver:   31.0.15.3640
Initialize mono
Mono path[0] = 'C:/Program Files/Unity 2023.1.0b20/Editor/Data/Managed'
Mono path[1] = 'C:/Program Files/Unity 2023.1.0b20/Editor/Data/MonoBleedingEdge/lib/mono/unityjit-win32'
Mono config path = 'C:/Program Files/Unity 2023.1.0b20/Editor/Data/MonoBleedingEdge/etc'
Using monoOptions --debugger-agent=transport=dt_socket,embedding=1,server=y,suspend=n,address=127.0.0.1:56836
Begin MonoManager ReloadAssembly
Registering precompiled unity dll's ...
Register platform support module: C:/Program Files/Unity 2023.1.0b20/Editor/Data/PlaybackEngines/WindowsStandaloneSupport/UnityEditor.WindowsStandalone.Extensions.dll
Registered in 0.002245 seconds.
- Loaded All Assemblies, in  0.339 seconds
Native extension for WindowsStandalone target not found
Mono: successfully reloaded assembly
- Finished resetting the current domain, in  0.273 seconds
Domain Reload Profiling: 611ms
	BeginReloadAssembly (109ms)
		ExecutionOrderSort (0ms)
		DisableScriptedObjects (0ms)
		BackupInstance (0ms)
		ReleaseScriptingObjects (0ms)
		CreateAndSetChildDomain (1ms)
	RebuildCommonClasses (32ms)
	RebuildNativeTypeToScriptingClass (10ms)
	initialDomainReloadingComplete (43ms)
	LoadAllAssembliesAndSetupDomain (144ms)
		LoadAssemblies (107ms)
		RebuildTransferFunctionScriptingTraits (0ms)
		AnalyzeDomain (140ms)
			TypeCache.Refresh (138ms)
				TypeCache.ScanAssembly (123ms)
			ScanForSourceGeneratedMonoScriptInfo (0ms)
			ResolveRequiredComponents (0ms)
	FinalizeReload (273ms)
		ReleaseScriptCaches (0ms)
		RebuildScriptCaches (0ms)
		SetupLoadedEditorAssemblies (228ms)
			LogAssemblyErrors (0ms)
			InitializePlatformSupportModulesInManaged (9ms)
			SetLoadedEditorAssemblies (5ms)
			BeforeProcessingInitializeOnLoad (7ms)
			ProcessInitializeOnLoadAttributes (157ms)
			ProcessInitializeOnLoadMethodAttributes (50ms)
			AfterProcessingInitializeOnLoad (0ms)
			EditorAssembliesLoaded (0ms)
		ExecutionOrderSort2 (0ms)
		AwakeInstancesAfterBackupRestoration (0ms)
========================================================================
Worker process is ready to serve import requests
Import Worker Mode flag is 0x00
Begin MonoManager ReloadAssembly
- Loaded All Assemblies, in  0.817 seconds
Refreshing native plugins compatible for Editor in 4.90 ms, found 2 plugins.
Native extension for WindowsStandalone target not found
Mono: successfully reloaded assembly
- Finished resetting the current domain, in  0.623 seconds
Domain Reload Profiling: 1436ms
	BeginReloadAssembly (295ms)
		ExecutionOrderSort (0ms)
		DisableScriptedObjects (5ms)
		BackupInstance (0ms)
		ReleaseScriptingObjects (0ms)
		CreateAndSetChildDomain (29ms)
	RebuildCommonClasses (34ms)
	RebuildNativeTypeToScriptingClass (10ms)
	initialDomainReloadingComplete (34ms)
	LoadAllAssembliesAndSetupDomain (441ms)
		LoadAssemblies (303ms)
		RebuildTransferFunctionScriptingTraits (0ms)
		AnalyzeDomain (237ms)
			TypeCache.Refresh (219ms)
				TypeCache.ScanAssembly (203ms)
			ScanForSourceGeneratedMonoScriptInfo (15ms)
			ResolveRequiredComponents (2ms)
	FinalizeReload (623ms)
		ReleaseScriptCaches (0ms)
		RebuildScriptCaches (0ms)
		SetupLoadedEditorAssemblies (427ms)
			LogAssemblyErrors (0ms)
			InitializePlatformSupportModulesInManaged (5ms)
			SetLoadedEditorAssemblies (3ms)
			BeforeProcessingInitializeOnLoad (66ms)
			ProcessInitializeOnLoadAttributes (220ms)
			ProcessInitializeOnLoadMethodAttributes (128ms)
			AfterProcessingInitializeOnLoad (3ms)
			EditorAssembliesLoaded (0ms)
		ExecutionOrderSort2 (0ms)
		AwakeInstancesAfterBackupRestoration (7ms)
Launched and connected shader compiler UnityShaderCompiler.exe after 0.01 seconds
Refreshing native plugins compatible for Editor in 5.94 ms, found 2 plugins.
Preloading 0 native plugins for Editor in 0.00 ms.
Unloading 2513 Unused Serialized files (Serialized files now loaded: 0)
Unloading 63 unused Assets / (403.0 KB). Loaded Objects now: 3036.
Memory consumption went from 112.2 MB to 111.8 MB.
Total: 7.587500 ms (FindLiveObjects: 0.163000 ms CreateObjectMapping: 0.058500 ms MarkObjects: 7.097500 ms  DeleteObjects: 0.267100 ms)

AssetImportParameters requested are different than current active one (requested -> active):
  custom:container-demuxer-ogg: 62fdf1f143b41e24485cea50d1cbac27 -> 
  custom:framework-win-MediaFoundation: 216162199b28c13a410421893ffa2e32 -> 
  custom:video-decoder-webm-vp8: 9c59270c3fd7afecdb556c50c9e8de78 -> 
  custom:audio-encoder-webm-vorbis: bf7c407c2cedff20999df2af8eb42d56 -> 
  custom:video-decoder-ogg-theora: a1e56fd34408186e4bbccfd4996cb3dc -> 
  custom:container-muxer-webm: aa71ff27fc2769a1b78a27578f13a17b -> 
  custom:AudioImporter_EditorPlatform: d09bf68614088b80899f8185d706f6e7 -> 
  custom:audio-decoder-ogg-vorbis: bf7c407c2cedff20999df2af8eb42d56 -> 
  custom:video-codec-MediaFoundation-h265: 746d11721c4dcdbdad8f713fa42b33f4 -> 
  custom:container-demuxer-webm: 4f35f7cbe854078d1ac9338744f61a02 -> 
  custom:video-encoder-webm-vp8: eb34c28f22e8b96e1ab97ce403110664 -> 
========================================================================
Received Import Request.
  Time since last request: 207620.005430 seconds.
  path: Assets/Scenes/Play.unity
  artifactKey: Guid(99c9720ab356a0642a771bea13969a05) Importer(815301076,1909f56bfc062723c751e8b465ee728b)
Start importing Assets/Scenes/Play.unity using Guid(99c9720ab356a0642a771bea13969a05) Importer(815301076,1909f56bfc062723c751e8b465ee728b)  -> (artifact id: '836fa87d019b3fee5df413534d3e344d') in 0.001653 seconds
Number of updated asset objects reloaded before import = 0
Number of asset objects unloaded after import = 0
========================================================================
Received Import Request.
  Time since last request: 164.029803 seconds.
  path: Assets/Standard Assets/Utility
  artifactKey: Guid(4539eb30e895bbb41b5eae6df2dde978) Importer(815301076,1909f56bfc062723c751e8b465ee728b)
Start importing Assets/Standard Assets/Utility using Guid(4539eb30e895bbb41b5eae6df2dde978) Importer(815301076,1909f56bfc062723c751e8b465ee728b)  -> (artifact id: '87b92355a821a42f7d75a2d44e68ec51') in 0.001105 seconds
Number of updated asset objects reloaded before import = 0
Number of asset objects unloaded after import = 0
========================================================================
Received Import Request.
  Time since last request: 42.479967 seconds.
  path: Assets/DungeonModules/FBX/barrel_A.fbx
  artifactKey: Guid(d5ebfcb780598a54b830d1afcc9c9103) Importer(815301076,1909f56bfc062723c751e8b465ee728b)
Start importing Assets/DungeonModules/FBX/barrel_A.fbx using Guid(d5ebfcb780598a54b830d1afcc9c9103) Importer(815301076,1909f56bfc062723c751e8b465ee728b)  -> (artifact id: '3a902df7150c32c957132f0ce8032ba3') in 0.381045 seconds
Number of updated asset objects reloaded before import = 0
Number of asset objects unloaded after import = 8
========================================================================
Received Import Request.
  Time since last request: 0.000033 seconds.
  path: Assets/DungeonModules/FBX/torch_A2.fbx
  artifactKey: Guid(3d95eef9df422274ba6691622a5496fc) Importer(815301076,1909f56bfc062723c751e8b465ee728b)
Start importing Assets/DungeonModules/FBX/torch_A2.fbx using Guid(3d95eef9df422274ba6691622a5496fc) Importer(815301076,1909f56bfc062723c751e8b465ee728b)  -> (artifact id: '29ba39e1b3e2936281d27b2e2040baec') in 0.027926 seconds
Number of updated asset objects reloaded before import = 0
Number of asset objects unloaded after import = 8
========================================================================
Received Import Request.
  Time since last request: 0.000027 seconds.
  path: Assets/DungeonModules/FBX/lantern_A.fbx
  artifactKey: Guid(d8a74945658b380478d7a378c1819582) Importer(815301076,1909f56bfc062723c751e8b465ee728b)
Start importing Assets/DungeonModules/FBX/lantern_A.fbx using Guid(d8a74945658b380478d7a378c1819582) Importer(815301076,1909f56bfc062723c751e8b465ee728b)  -> (artifact id: 'e453beb896279b57cc3f3721b5af21c6') in 0.101389 seconds
Number of updated asset objects reloaded before import = 0
Number of asset objects unloaded after import = 8
========================================================================
Received Import Request.
  Time since last request: 0.000016 seconds.
  path: Assets/DungeonModules/FBX/pillar_A.fbx
  artifactKey: Guid(f35050e7ac4292c4da9c464164684ce6) Importer(815301076,1909f56bfc062723c751e8b465ee728b)
Start importing Assets/DungeonModules/FBX/pillar_A.fbx using Guid(f35050e7ac4292c4da9c464164684ce6) Importer(815301076,1909f56bfc062723c751e8b465ee728b)  -> (artifact id: 'c08437728e3bc7150cc759928cd02b94') in 0.016102 seconds
Number of updated asset objects reloaded before import = 0
Number of asset objects unloaded after import = 8
========================================================================
Received Import Request.
  Time since last request: 0.000016 seconds.
  path: Assets/DungeonModules/FBX/ceiling_A.fbx
  artifactKey: Guid(f6b9c382f66d79c4da0c8b9b31bd33e1) Importer(815301076,1909f56bfc062723c751e8b465ee728b)
Start importing Assets/DungeonModules/FBX/ceiling_A.fbx using Guid(f6b9c382f66d79c4da0c8b9b31bd33e1) Importer(815301076,1909f56bfc062723c751e8b465ee728b)  -> (artifact id: 'b478f9757dc1cfdaaad8e8c741730d28') in 0.190445 seconds
Number of updated asset objects reloaded before import = 0
Number of asset objects unloaded after import = 11
========================================================================
Received Import Request.
  Time since last request: 0.000030 seconds.
  path: Assets/DungeonModules/FBX/spiderweb_D.fbx
  artifactKey: Guid(72d405267a2c26f43b7e22480bb1db64) Importer(815301076,1909f56bfc062723c751e8b465ee728b)
Start importing Assets/DungeonModules/FBX/spiderweb_D.fbx using Guid(72d405267a2c26f43b7e22480bb1db64) Importer(815301076,1909f56bfc062723c751e8b465ee728b)  -> (artifact id: '4939842feaa332eef0475a3ba33e09ea') in 0.214602 seconds
Number of updated asset objects reloaded before import = 0
Number of asset objects unloaded after import = 8
========================================================================
Received Import Request.
  Time since last request: 0.000034 seconds.
  path: Assets/DungeonModules/FBX/chest_A.fbx
  artifactKey: Guid(7810fdb93000ac64ab00c2345b97634b) Importer(815301076,1909f56bfc062723c751e8b465ee728b)
Start importing Assets/DungeonModules/FBX/chest_A.fbx using Guid(7810fdb93000ac64ab00c2345b97634b) Importer(815301076,1909f56bfc062723c751e8b465ee728b)  -> (artifact id: '6357c9863aeee2e3cfacd22c2e8d144c') in 0.249788 seconds
Number of updated asset objects reloaded before import = 0
Number of asset objects unloaded after import = 18
========================================================================
Received Import Request.
  Time since last request: 0.000021 seconds.
  path: Assets/DungeonModules/FBX/door_wall_A3.fbx
  artifactKey: Guid(26aec004d42c0a640bf94c71b19365ec) Importer(815301076,1909f56bfc062723c751e8b465ee728b)
Start importing Assets/DungeonModules/FBX/door_wall_A3.fbx using Guid(26aec004d42c0a640bf94c71b19365ec) Importer(815301076,1909f56bfc062723c751e8b465ee728b)  -> (artifact id: '462e9f6a0ad4d87fcd59d246bb1d2603') in 0.049430 seconds
Number of updated asset objects reloaded before import = 0
Number of asset objects unloaded after import = 20
========================================================================
Received Import Request.
  Time since last request: 0.000031 seconds.
  path: Assets/DungeonModules/FBX/mud_A.fbx
  artifactKey: Guid(f224c1dc99e7bc841ae5a1e1e37d8849) Importer(815301076,1909f56bfc062723c751e8b465ee728b)
Start importing Assets/DungeonModules/FBX/mud_A.fbx using Guid(f224c1dc99e7bc841ae5a1e1e37d8849) Importer(815301076,1909f56bfc062723c751e8b465ee728b)  -> (artifact id: '7429598e6768db41e82b4b7af31d6084') in 0.016796 seconds
Number of updated asset objects reloaded before import = 0
Number of asset objects unloaded after import = 8
========================================================================
Received Import Request.
  Time since last request: 0.000037 seconds.
  path: Assets/DungeonModules/FBX/pot_A.fbx
  artifactKey: Guid(a0c3b6cdf4dc3f741b3520c94889b90b) Importer(815301076,1909f56bfc062723c751e8b465ee728b)
Start importing Assets/DungeonModules/FBX/pot_A.fbx using Guid(a0c3b6cdf4dc3f741b3520c94889b90b) Importer(815301076,1909f56bfc062723c751e8b465ee728b)  -> (artifact id: 'de235cbd7b239481096c960123e8c101') in 0.018268 seconds
Number of updated asset objects reloaded before import = 0
Number of asset objects unloaded after import = 8
========================================================================
Received Import Request.
  Time since last request: 0.000017 seconds.
  path: Assets/DungeonModules/FBX/mushroom_A.fbx
  artifactKey: Guid(5b8b1ef4862b0214bb901b95407aeb52) Importer(815301076,1909f56bfc062723c751e8b465ee728b)
Start importing Assets/DungeonModules/FBX/mushroom_A.fbx using Guid(5b8b1ef4862b0214bb901b95407aeb52) Importer(815301076,1909f56bfc062723c751e8b465ee728b)  -> (artifact id: '10d8b4a14bc915a4fbb8709058019eba') in 0.016551 seconds
Number of updated asset objects reloaded before import = 0
Number of asset objects unloaded after import = 8
========================================================================
Received Import Request.
  Time since last request: 0.000019 seconds.
  path: Assets/DungeonModules/FBX/spiderweb_C.fbx
  artifactKey: Guid(b771e8dfc7eb515479171fb99bbf6c81) Importer(815301076,1909f56bfc062723c751e8b465ee728b)
Start importing Assets/DungeonModules/FBX/spiderweb_C.fbx using Guid(b771e8dfc7eb515479171fb99bbf6c81) Importer(815301076,1909f56bfc062723c751e8b465ee728b)  -> (artifact id: 'd8ee509eb15225ac718eac861c2d97b1') in 0.015559 seconds
Number of updated asset objects reloaded before import = 0
Number of asset objects unloaded after import = 8
========================================================================
Received Import Request.
  Time since last request: 0.000018 seconds.
  path: Assets/DungeonModules/FBX/skull.fbx
  artifactKey: Guid(481b635407ffb1f4c9f82ae6f468e377) Importer(815301076,1909f56bfc062723c751e8b465ee728b)
Start importing Assets/DungeonModules/FBX/skull.fbx using Guid(481b635407ffb1f4c9f82ae6f468e377) Importer(815301076,1909f56bfc062723c751e8b465ee728b)  -> (artifact id: 'f67debb5ccac86826a1bc091481d68b1') in 0.017091 seconds
Number of updated asset objects reloaded before import = 0
Number of asset objects unloaded after import = 8
========================================================================
Received Import Request.
  Time since last request: 0.000022 seconds.
  path: Assets/DungeonModules/FBX/spiderweb_A.fbx
  artifactKey: Guid(ec5cb2e3dff903f478a552f37540398c) Importer(815301076,1909f56bfc062723c751e8b465ee728b)
Start importing Assets/DungeonModules/FBX/spiderweb_A.fbx using Guid(ec5cb2e3dff903f478a552f37540398c) Importer(815301076,1909f56bfc062723c751e8b465ee728b)  -> (artifact id: 'cd96cb4d81b088eaad755cc3db4b5f98') in 0.017755 seconds
Number of updated asset objects reloaded before import = 0
Number of asset objects unloaded after import = 8
========================================================================
Received Import Request.
  Time since last request: 0.000031 seconds.
  path: Assets/DungeonModules/FBX/rock_A.fbx
  artifactKey: Guid(600bd9ed8b5184f4a8233b6472bc387e) Importer(815301076,1909f56bfc062723c751e8b465ee728b)
Start importing Assets/DungeonModules/FBX/rock_A.fbx using Guid(600bd9ed8b5184f4a8233b6472bc387e) Importer(815301076,1909f56bfc062723c751e8b465ee728b)  -> (artifact id: '140d8f16febca850e4f5d7bd9c9ef825') in 0.018763 seconds
Number of updated asset objects reloaded before import = 0
Number of asset objects unloaded after import = 8
Editor requested this worker to shutdown with reason: Scaling down because of idle timeout
AssetImportWorker is now disconnected from the server
Process exiting
Exiting without the bug reporter. Application will terminate with return code 0